<?xml version="1.0" encoding="UTF-8"?>
<!-- Generated by org.testng.reporters.JUnitReportReporter -->
<testsuite hostname="AMIT" failures="0" tests="1" name="com.app.sunbeam.tests.Test3" time="5.690" errors="1" timestamp="18 Jan 2024 17:32:04 GMT" skipped="0">
  <testcase classname="com.app.sunbeam.tests.Test3" name="setUp" time="5.690">
    <error type="java.lang.StackOverflowError">
      <![CDATA[java.lang.StackOverflowError
at com.app.sunbeam.Driver.DriverManager.getDriver(DriverManager.java:14)
at com.app.sunbeam.Driver.DriverManager.getDriver(DriverManager.java:14)
at com.app.sunbeam.Driver.DriverManager.getDriver(DriverManager.java:14)
at com.app.sunbeam.Driver.DriverManager.getDriver(DriverManager.java:14)
at com.app.sunbeam.Driver.DriverManager.getDriver(DriverManager.java:14)
at com.app.sunbeam.Driver.DriverManager.getDriver(DriverManager.java:14)
at com.app.sunbeam.Driver.DriverManager.getDriver(DriverManager.java:14)
at com.app.sunbeam.Driver.DriverManager.getDriver(DriverManager.java:14)
at com.app.sunbeam.Driver.DriverManager.getDriver(DriverManager.java:14)
at com.app.sunbeam.Driver.DriverManager.getDriver(DriverManager.java:14)
at com.app.sunbeam.Driver.DriverManager.getDriver(DriverManager.java:14)
at com.app.sunbeam.Driver.DriverManager.getDriver(DriverManager.java:14)
at com.app.sunbeam.Driver.DriverManager.getDriver(DriverManager.java:14)
at com.app.sunbeam.Driver.DriverManager.getDriver(DriverManager.java:14)
at com.app.sunbeam.Driver.DriverManager.getDriver(DriverManager.java:14)
at com.app.sunbeam.Driver.DriverManager.getDriver(DriverManager.java:14)
at com.app.sunbeam.Driver.DriverManager.getDriver(DriverManager.java:14)
at com.app.sunbeam.Driver.DriverManager.getDriver(DriverManager.java:14)
at com.app.sunbeam.Driver.DriverManager.getDriver(DriverManager.java:14)
at com.app.sunbeam.Driver.DriverManager.getDriver(DriverManager.java:14)
at com.app.sunbeam.Driver.DriverManager.getDriver(DriverManager.java:14)
at com.app.sunbeam.Driver.DriverManager.getDriver(DriverManager.java:14)
at com.app.sunbeam.Driver.DriverManager.getDriver(DriverManager.java:14)
at com.app.sunbeam.Driver.DriverManager.getDriver(DriverManager.java:14)
at com.app.sunbeam.Driver.DriverManager.getDriver(DriverManager.java:14)
at com.app.sunbeam.Driver.DriverManager.getDriver(DriverManager.java:14)
at com.app.sunbeam.Driver.DriverManager.getDriver(DriverManager.java:14)
at com.app.sunbeam.Driver.DriverManager.getDriver(DriverManager.java:14)
at com.app.sunbeam.Driver.DriverManager.getDriver(DriverManager.java:14)
at com.app.sunbeam.Driver.DriverManager.getDriver(DriverManager.java:14)
at com.app.sunbeam.Driver.DriverManager.getDriver(DriverManager.java:14)
at com.app.sunbeam.Driver.DriverManager.getDriver(DriverManager.java:14)
at com.app.sunbeam.Driver.DriverManager.getDriver(DriverManager.java:14)
at com.app.sunbeam.Driver.DriverManager.getDriver(DriverManager.java:14)
at com.app.sunbeam.Driver.DriverManager.getDriver(DriverManager.java:14)
at com.app.sunbeam.Driver.DriverManager.getDriver(DriverManager.java:14)
at com.app.sunbeam.Driver.DriverManager.getDriver(DriverManager.java:14)
at com.app.sunbeam.Driver.DriverManager.getDriver(DriverManager.java:14)
at com.app.sunbeam.Driver.DriverManager.getDriver(DriverManager.java:14)
at com.app.sunbeam.Driver.DriverManager.getDriver(DriverManager.java:14)
at com.app.sunbeam.Driver.DriverManager.getDriver(DriverManager.java:14)
at com.app.sunbeam.Driver.DriverManager.getDriver(DriverManager.java:14)
at com.app.sunbeam.Driver.DriverManager.getDriver(DriverManager.java:14)
at com.app.sunbeam.Driver.DriverManager.getDriver(DriverManager.java:14)
at com.app.sunbeam.Driver.DriverManager.getDriver(DriverManager.java:14)
at com.app.sunbeam.Driver.DriverManager.getDriver(DriverManager.java:14)
at com.app.sunbeam.Driver.DriverManager.getDriver(DriverManager.java:14)
at com.app.sunbeam.Driver.DriverManager.getDriver(DriverManager.java:14)
at com.app.sunbeam.Driver.DriverManager.getDriver(DriverManager.java:14)
at com.app.sunbeam.Driver.DriverManager.getDriver(DriverManager.java:14)
at com.app.sunbeam.Driver.DriverManager.getDriver(DriverManager.java:14)
at com.app.sunbeam.Driver.DriverManager.getDriver(DriverManager.java:14)
at com.app.sunbeam.Driver.DriverManager.getDriver(DriverManager.java:14)
at com.app.sunbeam.Driver.DriverManager.getDriver(DriverManager.java:14)
at com.app.sunbeam.Driver.DriverManager.getDriver(DriverManager.java:14)
at com.app.sunbeam.Driver.DriverManager.getDriver(DriverManager.java:14)
at com.app.sunbeam.Driver.DriverManager.getDriver(DriverManager.java:14)
at com.app.sunbeam.Driver.DriverManager.getDriver(DriverManager.java:14)
at com.app.sunbeam.Driver.DriverManager.getDriver(DriverManager.java:14)
at com.app.sunbeam.Driver.DriverManager.getDriver(DriverManager.java:14)
at com.app.sunbeam.Driver.DriverManager.getDriver(DriverManager.java:14)
at com.app.sunbeam.Driver.DriverManager.getDriver(DriverManager.java:14)
at com.app.sunbeam.Driver.DriverManager.getDriver(DriverManager.java:14)
at com.app.sunbeam.Driver.DriverManager.getDriver(DriverManager.java:14)
at com.app.sunbeam.Driver.DriverManager.getDriver(DriverManager.java:14)
at com.app.sunbeam.Driver.DriverManager.getDriver(DriverManager.java:14)
at com.app.sunbeam.Driver.DriverManager.getDriver(DriverManager.java:14)
at com.app.sunbeam.Driver.DriverManager.getDriver(DriverManager.java:14)
at com.app.sunbeam.Driver.DriverManager.getDriver(DriverManager.java:14)
at com.app.sunbeam.Driver.DriverManager.getDriver(DriverManager.java:14)
at com.app.sunbeam.Driver.DriverManager.getDriver(DriverManager.java:14)
at com.app.sunbeam.Driver.DriverManager.getDriver(DriverManager.java:14)
at com.app.sunbeam.Driver.DriverManager.getDriver(DriverManager.java:14)
at com.app.sunbeam.Driver.DriverManager.getDriver(DriverManager.java:14)
at com.app.sunbeam.Driver.DriverManager.getDriver(DriverManager.java:14)
at com.app.sunbeam.Driver.DriverManager.getDriver(DriverManager.java:14)
at com.app.sunbeam.Driver.DriverManager.getDriver(DriverManager.java:14)
at com.app.sunbeam.Driver.DriverManager.getDriver(DriverManager.java:14)
at com.app.sunbeam.Driver.DriverManager.getDriver(DriverManager.java:14)
at com.app.sunbeam.Driver.DriverManager.getDriver(DriverManager.java:14)
at com.app.sunbeam.Driver.DriverManager.getDriver(DriverManager.java:14)
at com.app.sunbeam.Driver.DriverManager.getDriver(DriverManager.java:14)
at com.app.sunbeam.Driver.DriverManager.getDriver(DriverManager.java:14)
at com.app.sunbeam.Driver.DriverManager.getDriver(DriverManager.java:14)
at com.app.sunbeam.Driver.DriverManager.getDriver(DriverManager.java:14)
at com.app.sunbeam.Driver.DriverManager.getDriver(DriverManager.java:14)
at com.app.sunbeam.Driver.DriverManager.getDriver(DriverManager.java:14)
at com.app.sunbeam.Driver.DriverManager.getDriver(DriverManager.java:14)
at com.app.sunbeam.Driver.DriverManager.getDriver(DriverManager.java:14)
at com.app.sunbeam.Driver.DriverManager.getDriver(DriverManager.java:14)
at com.app.sunbeam.Driver.DriverManager.getDriver(DriverManager.java:14)
at com.app.sunbeam.Driver.DriverManager.getDriver(DriverManager.java:14)
at com.app.sunbeam.Driver.DriverManager.getDriver(DriverManager.java:14)
at com.app.sunbeam.Driver.DriverManager.getDriver(DriverManager.java:14)
at com.app.sunbeam.Driver.DriverManager.getDriver(DriverManager.java:14)
at com.app.sunbeam.Driver.DriverManager.getDriver(DriverManager.java:14)
at com.app.sunbeam.Driver.DriverManager.getDriver(DriverManager.java:14)
at com.app.sunbeam.Driver.DriverManager.getDriver(DriverManager.java:14)
at com.app.sunbeam.Driver.DriverManager.getDriver(DriverManager.java:14)
at com.app.sunbeam.Driver.DriverManager.getDriver(DriverManager.java:14)
at com.app.sunbeam.Driver.DriverManager.getDriver(DriverManager.java:14)
at com.app.sunbeam.Driver.DriverManager.getDriver(DriverManager.java:14)
at com.app.sunbeam.Driver.DriverManager.getDriver(DriverManager.java:14)
at com.app.sunbeam.Driver.DriverManager.getDriver(DriverManager.java:14)
at com.app.sunbeam.Driver.DriverManager.getDriver(DriverManager.java:14)
at com.app.sunbeam.Driver.DriverManager.getDriver(DriverManager.java:14)
at com.app.sunbeam.Driver.DriverManager.getDriver(DriverManager.java:14)
at com.app.sunbeam.Driver.DriverManager.getDriver(DriverManager.java:14)
at com.app.sunbeam.Driver.DriverManager.getDriver(DriverManager.java:14)
at com.app.sunbeam.Driver.DriverManager.getDriver(DriverManager.java:14)
at com.app.sunbeam.Driver.DriverManager.getDriver(DriverManager.java:14)
at com.app.sunbeam.Driver.DriverManager.getDriver(DriverManager.java:14)
at com.app.sunbeam.Driver.DriverManager.getDriver(DriverManager.java:14)
at com.app.sunbeam.Driver.DriverManager.getDriver(DriverManager.java:14)
at com.app.sunbeam.Driver.DriverManager.getDriver(DriverManager.java:14)
at com.app.sunbeam.Driver.DriverManager.getDriver(DriverManager.java:14)
at com.app.sunbeam.Driver.DriverManager.getDriver(DriverManager.java:14)
at com.app.sunbeam.Driver.DriverManager.getDriver(DriverManager.java:14)
at com.app.sunbeam.Driver.DriverManager.getDriver(DriverManager.java:14)
at com.app.sunbeam.Driver.DriverManager.getDriver(DriverManager.java:14)
at com.app.sunbeam.Driver.DriverManager.getDriver(DriverManager.java:14)
at com.app.sunbeam.Driver.DriverManager.getDriver(DriverManager.java:14)
at com.app.sunbeam.Driver.DriverManager.getDriver(DriverManager.java:14)
at com.app.sunbeam.Driver.DriverManager.getDriver(DriverManager.java:14)
at com.app.sunbeam.Driver.DriverManager.getDriver(DriverManager.java:14)
at com.app.sunbeam.Driver.DriverManager.getDriver(DriverManager.java:14)
at com.app.sunbeam.Driver.DriverManager.getDriver(DriverManager.java:14)
at com.app.sunbeam.Driver.DriverManager.getDriver(DriverManager.java:14)
at com.app.sunbeam.Driver.DriverManager.getDriver(DriverManager.java:14)
at com.app.sunbeam.Driver.DriverManager.getDriver(DriverManager.java:14)
at com.app.sunbeam.Driver.DriverManager.getDriver(DriverManager.java:14)
at com.app.sunbeam.Driver.DriverManager.getDriver(DriverManager.java:14)
at com.app.sunbeam.Driver.DriverManager.getDriver(DriverManager.java:14)
at com.app.sunbeam.Driver.DriverManager.getDriver(DriverManager.java:14)
at com.app.sunbeam.Driver.DriverManager.getDriver(DriverManager.java:14)
at com.app.sunbeam.Driver.DriverManager.getDriver(DriverManager.java:14)
at com.app.sunbeam.Driver.DriverManager.getDriver(DriverManager.java:14)
at com.app.sunbeam.Driver.DriverManager.getDriver(DriverManager.java:14)
at com.app.sunbeam.Driver.DriverManager.getDriver(DriverManager.java:14)
at com.app.sunbeam.Driver.DriverManager.getDriver(DriverManager.java:14)
at com.app.sunbeam.Driver.DriverManager.getDriver(DriverManager.java:14)
at com.app.sunbeam.Driver.DriverManager.getDriver(DriverManager.java:14)
at com.app.sunbeam.Driver.DriverManager.getDriver(DriverManager.java:14)
at com.app.sunbeam.Driver.DriverManager.getDriver(DriverManager.java:14)
at com.app.sunbeam.Driver.DriverManager.getDriver(DriverManager.java:14)
at com.app.sunbeam.Driver.DriverManager.getDriver(DriverManager.java:14)
at com.app.sunbeam.Driver.DriverManager.getDriver(DriverManager.java:14)
at com.app.sunbeam.Driver.DriverManager.getDriver(DriverManager.java:14)
at com.app.sunbeam.Driver.DriverManager.getDriver(DriverManager.java:14)
at com.app.sunbeam.Driver.DriverManager.getDriver(DriverManager.java:14)
at com.app.sunbeam.Driver.DriverManager.getDriver(DriverManager.java:14)
at com.app.sunbeam.Driver.DriverManager.getDriver(DriverManager.java:14)
at com.app.sunbeam.Driver.DriverManager.getDriver(DriverManager.java:14)
at com.app.sunbeam.Driver.DriverManager.getDriver(DriverManager.java:14)
at com.app.sunbeam.Driver.DriverManager.getDriver(DriverManager.java:14)
at com.app.sunbeam.Driver.DriverManager.getDriver(DriverManager.java:14)
at com.app.sunbeam.Driver.DriverManager.getDriver(DriverManager.java:14)
at com.app.sunbeam.Driver.DriverManager.getDriver(DriverManager.java:14)
at com.app.sunbeam.Driver.DriverManager.getDriver(DriverManager.java:14)
at com.app.sunbeam.Driver.DriverManager.getDriver(DriverManager.java:14)
at com.app.sunbeam.Driver.DriverManager.getDriver(DriverManager.java:14)
at com.app.sunbeam.Driver.DriverManager.getDriver(DriverManager.java:14)
at com.app.sunbeam.Driver.DriverManager.getDriver(DriverManager.java:14)
at com.app.sunbeam.Driver.DriverManager.getDriver(DriverManager.java:14)
at com.app.sunbeam.Driver.DriverManager.getDriver(DriverManager.java:14)
at com.app.sunbeam.Driver.DriverManager.getDriver(DriverManager.java:14)
at com.app.sunbeam.Driver.DriverManager.getDriver(DriverManager.java:14)
at com.app.sunbeam.Driver.DriverManager.getDriver(DriverManager.java:14)
at com.app.sunbeam.Driver.DriverManager.getDriver(DriverManager.java:14)
at com.app.sunbeam.Driver.DriverManager.getDriver(DriverManager.java:14)
at com.app.sunbeam.Driver.DriverManager.getDriver(DriverManager.java:14)
at com.app.sunbeam.Driver.DriverManager.getDriver(DriverManager.java:14)
at com.app.sunbeam.Driver.DriverManager.getDriver(DriverManager.java:14)
at com.app.sunbeam.Driver.DriverManager.getDriver(DriverManager.java:14)
at com.app.sunbeam.Driver.DriverManager.getDriver(DriverManager.java:14)
at com.app.sunbeam.Driver.DriverManager.getDriver(DriverManager.java:14)
at com.app.sunbeam.Driver.DriverManager.getDriver(DriverManager.java:14)
at com.app.sunbeam.Driver.DriverManager.getDriver(DriverManager.java:14)
at com.app.sunbeam.Driver.DriverManager.getDriver(DriverManager.java:14)
at com.app.sunbeam.Driver.DriverManager.getDriver(DriverManager.java:14)
at com.app.sunbeam.Driver.DriverManager.getDriver(DriverManager.java:14)
at com.app.sunbeam.Driver.DriverManager.getDriver(DriverManager.java:14)
at com.app.sunbeam.Driver.DriverManager.getDriver(DriverManager.java:14)
at com.app.sunbeam.Driver.DriverManager.getDriver(DriverManager.java:14)
at com.app.sunbeam.Driver.DriverManager.getDriver(DriverManager.java:14)
at com.app.sunbeam.Driver.DriverManager.getDriver(DriverManager.java:14)
at com.app.sunbeam.Driver.DriverManager.getDriver(DriverManager.java:14)
at com.app.sunbeam.Driver.DriverManager.getDriver(DriverManager.java:14)
at com.app.sunbeam.Driver.DriverManager.getDriver(DriverManager.java:14)
at com.app.sunbeam.Driver.DriverManager.getDriver(DriverManager.java:14)
at com.app.sunbeam.Driver.DriverManager.getDriver(DriverManager.java:14)
at com.app.sunbeam.Driver.DriverManager.getDriver(DriverManager.java:14)
at com.app.sunbeam.Driver.DriverManager.getDriver(DriverManager.java:14)
at com.app.sunbeam.Driver.DriverManager.getDriver(DriverManager.java:14)
at com.app.sunbeam.Driver.DriverManager.getDriver(DriverManager.java:14)
at com.app.sunbeam.Driver.DriverManager.getDriver(DriverManager.java:14)
at com.app.sunbeam.Driver.DriverManager.getDriver(DriverManager.java:14)
at com.app.sunbeam.Driver.DriverManager.getDriver(DriverManager.java:14)
at com.app.sunbeam.Driver.DriverManager.getDriver(DriverManager.java:14)
at com.app.sunbeam.Driver.DriverManager.getDriver(DriverManager.java:14)
at com.app.sunbeam.Driver.DriverManager.getDriver(DriverManager.java:14)
at com.app.sunbeam.Driver.DriverManager.getDriver(DriverManager.java:14)
at com.app.sunbeam.Driver.DriverManager.getDriver(DriverManager.java:14)
at com.app.sunbeam.Driver.DriverManager.getDriver(DriverManager.java:14)
at com.app.sunbeam.Driver.DriverManager.getDriver(DriverManager.java:14)
at com.app.sunbeam.Driver.DriverManager.getDriver(DriverManager.java:14)
at com.app.sunbeam.Driver.DriverManager.getDriver(DriverManager.java:14)
at com.app.sunbeam.Driver.DriverManager.getDriver(DriverManager.java:14)
at com.app.sunbeam.Driver.DriverManager.getDriver(DriverManager.java:14)
at com.app.sunbeam.Driver.DriverManager.getDriver(DriverManager.java:14)
at com.app.sunbeam.Driver.DriverManager.getDriver(DriverManager.java:14)
at com.app.sunbeam.Driver.DriverManager.getDriver(DriverManager.java:14)
at com.app.sunbeam.Driver.DriverManager.getDriver(DriverManager.java:14)
at com.app.sunbeam.Driver.DriverManager.getDriver(DriverManager.java:14)
at com.app.sunbeam.Driver.DriverManager.getDriver(DriverManager.java:14)
at com.app.sunbeam.Driver.DriverManager.getDriver(DriverManager.java:14)
at com.app.sunbeam.Driver.DriverManager.getDriver(DriverManager.java:14)
at com.app.sunbeam.Driver.DriverManager.getDriver(DriverManager.java:14)
at com.app.sunbeam.Driver.DriverManager.getDriver(DriverManager.java:14)
at com.app.sunbeam.Driver.DriverManager.getDriver(DriverManager.java:14)
at com.app.sunbeam.Driver.DriverManager.getDriver(DriverManager.java:14)
at com.app.sunbeam.Driver.DriverManager.getDriver(DriverManager.java:14)
at com.app.sunbeam.Driver.DriverManager.getDriver(DriverManager.java:14)
at com.app.sunbeam.Driver.DriverManager.getDriver(DriverManager.java:14)
at com.app.sunbeam.Driver.DriverManager.getDriver(DriverManager.java:14)
at com.app.sunbeam.Driver.DriverManager.getDriver(DriverManager.java:14)
at com.app.sunbeam.Driver.DriverManager.getDriver(DriverManager.java:14)
at com.app.sunbeam.Driver.DriverManager.getDriver(DriverManager.java:14)
at com.app.sunbeam.Driver.DriverManager.getDriver(DriverManager.java:14)
at com.app.sunbeam.Driver.DriverManager.getDriver(DriverManager.java:14)
at com.app.sunbeam.Driver.DriverManager.getDriver(DriverManager.java:14)
at com.app.sunbeam.Driver.DriverManager.getDriver(DriverManager.java:14)
at com.app.sunbeam.Driver.DriverManager.getDriver(DriverManager.java:14)
at com.app.sunbeam.Driver.DriverManager.getDriver(DriverManager.java:14)
at com.app.sunbeam.Driver.DriverManager.getDriver(DriverManager.java:14)
at com.app.sunbeam.Driver.DriverManager.getDriver(DriverManager.java:14)
at com.app.sunbeam.Driver.DriverManager.getDriver(DriverManager.java:14)
at com.app.sunbeam.Driver.DriverManager.getDriver(DriverManager.java:14)
at com.app.sunbeam.Driver.DriverManager.getDriver(DriverManager.java:14)
at com.app.sunbeam.Driver.DriverManager.getDriver(DriverManager.java:14)
at com.app.sunbeam.Driver.DriverManager.getDriver(DriverManager.java:14)
at com.app.sunbeam.Driver.DriverManager.getDriver(DriverManager.java:14)
at com.app.sunbeam.Driver.DriverManager.getDriver(DriverManager.java:14)
at com.app.sunbeam.Driver.DriverManager.getDriver(DriverManager.java:14)
at com.app.sunbeam.Driver.DriverManager.getDriver(DriverManager.java:14)
at com.app.sunbeam.Driver.DriverManager.getDriver(DriverManager.java:14)
at com.app.sunbeam.Driver.DriverManager.getDriver(DriverManager.java:14)
at com.app.sunbeam.Driver.DriverManager.getDriver(DriverManager.java:14)
at com.app.sunbeam.Driver.DriverManager.getDriver(DriverManager.java:14)
at com.app.sunbeam.Driver.DriverManager.getDriver(DriverManager.java:14)
at com.app.sunbeam.Driver.DriverManager.getDriver(DriverManager.java:14)
at com.app.sunbeam.Driver.DriverManager.getDriver(DriverManager.java:14)
at com.app.sunbeam.Driver.DriverManager.getDriver(DriverManager.java:14)
at com.app.sunbeam.Driver.DriverManager.getDriver(DriverManager.java:14)
at com.app.sunbeam.Driver.DriverManager.getDriver(DriverManager.java:14)
at com.app.sunbeam.Driver.DriverManager.getDriver(DriverManager.java:14)
at com.app.sunbeam.Driver.DriverManager.getDriver(DriverManager.java:14)
at com.app.sunbeam.Driver.DriverManager.getDriver(DriverManager.java:14)
at com.app.sunbeam.Driver.DriverManager.getDriver(DriverManager.java:14)
at com.app.sunbeam.Driver.DriverManager.getDriver(DriverManager.java:14)
at com.app.sunbeam.Driver.DriverManager.getDriver(DriverManager.java:14)
at com.app.sunbeam.Driver.DriverManager.getDriver(DriverManager.java:14)
at com.app.sunbeam.Driver.DriverManager.getDriver(DriverManager.java:14)
at com.app.sunbeam.Driver.DriverManager.getDriver(DriverManager.java:14)
at com.app.sunbeam.Driver.DriverManager.getDriver(DriverManager.java:14)
at com.app.sunbeam.Driver.DriverManager.getDriver(DriverManager.java:14)
at com.app.sunbeam.Driver.DriverManager.getDriver(DriverManager.java:14)
at com.app.sunbeam.Driver.DriverManager.getDriver(DriverManager.java:14)
at com.app.sunbeam.Driver.DriverManager.getDriver(DriverManager.java:14)
at com.app.sunbeam.Driver.DriverManager.getDriver(DriverManager.java:14)
at com.app.sunbeam.Driver.DriverManager.getDriver(DriverManager.java:14)
at com.app.sunbeam.Driver.DriverManager.getDriver(DriverManager.java:14)
at com.app.sunbeam.Driver.DriverManager.getDriver(DriverManager.java:14)
at com.app.sunbeam.Driver.DriverManager.getDriver(DriverManager.java:14)
at com.app.sunbeam.Driver.DriverManager.getDriver(DriverManager.java:14)
at com.app.sunbeam.Driver.DriverManager.getDriver(DriverManager.java:14)
at com.app.sunbeam.Driver.DriverManager.getDriver(DriverManager.java:14)
at com.app.sunbeam.Driver.DriverManager.getDriver(DriverManager.java:14)
at com.app.sunbeam.Driver.DriverManager.getDriver(DriverManager.java:14)
at com.app.sunbeam.Driver.DriverManager.getDriver(DriverManager.java:14)
at com.app.sunbeam.Driver.DriverManager.getDriver(DriverManager.java:14)
at com.app.sunbeam.Driver.DriverManager.getDriver(DriverManager.java:14)
at com.app.sunbeam.Driver.DriverManager.getDriver(DriverManager.java:14)
at com.app.sunbeam.Driver.DriverManager.getDriver(DriverManager.java:14)
at com.app.sunbeam.Driver.DriverManager.getDriver(DriverManager.java:14)
at com.app.sunbeam.Driver.DriverManager.getDriver(DriverManager.java:14)
at com.app.sunbeam.Driver.DriverManager.getDriver(DriverManager.java:14)
at com.app.sunbeam.Driver.DriverManager.getDriver(DriverManager.java:14)
at com.app.sunbeam.Driver.DriverManager.getDriver(DriverManager.java:14)
at com.app.sunbeam.Driver.DriverManager.getDriver(DriverManager.java:14)
at com.app.sunbeam.Driver.DriverManager.getDriver(DriverManager.java:14)
at com.app.sunbeam.Driver.DriverManager.getDriver(DriverManager.java:14)
at com.app.sunbeam.Driver.DriverManager.getDriver(DriverManager.java:14)
at com.app.sunbeam.Driver.DriverManager.getDriver(DriverManager.java:14)
at com.app.sunbeam.Driver.DriverManager.getDriver(DriverManager.java:14)
at com.app.sunbeam.Driver.DriverManager.getDriver(DriverManager.java:14)
at com.app.sunbeam.Driver.DriverManager.getDriver(DriverManager.java:14)
at com.app.sunbeam.Driver.DriverManager.getDriver(DriverManager.java:14)
at com.app.sunbeam.Driver.DriverManager.getDriver(DriverManager.java:14)
at com.app.sunbeam.Driver.DriverManager.getDriver(DriverManager.java:14)
at com.app.sunbeam.Driver.DriverManager.getDriver(DriverManager.java:14)
at com.app.sunbeam.Driver.DriverManager.getDriver(DriverManager.java:14)
at com.app.sunbeam.Driver.DriverManager.getDriver(DriverManager.java:14)
at com.app.sunbeam.Driver.DriverManager.getDriver(DriverManager.java:14)
at com.app.sunbeam.Driver.DriverManager.getDriver(DriverManager.java:14)
at com.app.sunbeam.Driver.DriverManager.getDriver(DriverManager.java:14)
at com.app.sunbeam.Driver.DriverManager.getDriver(DriverManager.java:14)
at com.app.sunbeam.Driver.DriverManager.getDriver(DriverManager.java:14)
at com.app.sunbeam.Driver.DriverManager.getDriver(DriverManager.java:14)
at com.app.sunbeam.Driver.DriverManager.getDriver(DriverManager.java:14)
at com.app.sunbeam.Driver.DriverManager.getDriver(DriverManager.java:14)
at com.app.sunbeam.Driver.DriverManager.getDriver(DriverManager.java:14)
at com.app.sunbeam.Driver.DriverManager.getDriver(DriverManager.java:14)
at com.app.sunbeam.Driver.DriverManager.getDriver(DriverManager.java:14)
at com.app.sunbeam.Driver.DriverManager.getDriver(DriverManager.java:14)
at com.app.sunbeam.Driver.DriverManager.getDriver(DriverManager.java:14)
at com.app.sunbeam.Driver.DriverManager.getDriver(DriverManager.java:14)
at com.app.sunbeam.Driver.DriverManager.getDriver(DriverManager.java:14)
at com.app.sunbeam.Driver.DriverManager.getDriver(DriverManager.java:14)
at com.app.sunbeam.Driver.DriverManager.getDriver(DriverManager.java:14)
at com.app.sunbeam.Driver.DriverManager.getDriver(DriverManager.java:14)
at com.app.sunbeam.Driver.DriverManager.getDriver(DriverManager.java:14)
at com.app.sunbeam.Driver.DriverManager.getDriver(DriverManager.java:14)
at com.app.sunbeam.Driver.DriverManager.getDriver(DriverManager.java:14)
at com.app.sunbeam.Driver.DriverManager.getDriver(DriverManager.java:14)
at com.app.sunbeam.Driver.DriverManager.getDriver(DriverManager.java:14)
at com.app.sunbeam.Driver.DriverManager.getDriver(DriverManager.java:14)
at com.app.sunbeam.Driver.DriverManager.getDriver(DriverManager.java:14)
at com.app.sunbeam.Driver.DriverManager.getDriver(DriverManager.java:14)
at com.app.sunbeam.Driver.DriverManager.getDriver(DriverManager.java:14)
at com.app.sunbeam.Driver.DriverManager.getDriver(DriverManager.java:14)
at com.app.sunbeam.Driver.DriverManager.getDriver(DriverManager.java:14)
at com.app.sunbeam.Driver.DriverManager.getDriver(DriverManager.java:14)
at com.app.sunbeam.Driver.DriverManager.getDriver(DriverManager.java:14)
at com.app.sunbeam.Driver.DriverManager.getDriver(DriverManager.java:14)
at com.app.sunbeam.Driver.DriverManager.getDriver(DriverManager.java:14)
at com.app.sunbeam.Driver.DriverManager.getDriver(DriverManager.java:14)
at com.app.sunbeam.Driver.DriverManager.getDriver(DriverManager.java:14)
at com.app.sunbeam.Driver.DriverManager.getDriver(DriverManager.java:14)
at com.app.sunbeam.Driver.DriverManager.getDriver(DriverManager.java:14)
at com.app.sunbeam.Driver.DriverManager.getDriver(DriverManager.java:14)
at com.app.sunbeam.Driver.DriverManager.getDriver(DriverManager.java:14)
at com.app.sunbeam.Driver.DriverManager.getDriver(DriverManager.java:14)
at com.app.sunbeam.Driver.DriverManager.getDriver(DriverManager.java:14)
at com.app.sunbeam.Driver.DriverManager.getDriver(DriverManager.java:14)
at com.app.sunbeam.Driver.DriverManager.getDriver(DriverManager.java:14)
at com.app.sunbeam.Driver.DriverManager.getDriver(DriverManager.java:14)
at com.app.sunbeam.Driver.DriverManager.getDriver(DriverManager.java:14)
at com.app.sunbeam.Driver.DriverManager.getDriver(DriverManager.java:14)
at com.app.sunbeam.Driver.DriverManager.getDriver(DriverManager.java:14)
at com.app.sunbeam.Driver.DriverManager.getDriver(DriverManager.java:14)
at com.app.sunbeam.Driver.DriverManager.getDriver(DriverManager.java:14)
at com.app.sunbeam.Driver.DriverManager.getDriver(DriverManager.java:14)
at com.app.sunbeam.Driver.DriverManager.getDriver(DriverManager.java:14)
at com.app.sunbeam.Driver.DriverManager.getDriver(DriverManager.java:14)
at com.app.sunbeam.Driver.DriverManager.getDriver(DriverManager.java:14)
at com.app.sunbeam.Driver.DriverManager.getDriver(DriverManager.java:14)
at com.app.sunbeam.Driver.DriverManager.getDriver(DriverManager.java:14)
at com.app.sunbeam.Driver.DriverManager.getDriver(DriverManager.java:14)
at com.app.sunbeam.Driver.DriverManager.getDriver(DriverManager.java:14)
at com.app.sunbeam.Driver.DriverManager.getDriver(DriverManager.java:14)
at com.app.sunbeam.Driver.DriverManager.getDriver(DriverManager.java:14)
at com.app.sunbeam.Driver.DriverManager.getDriver(DriverManager.java:14)
at com.app.sunbeam.Driver.DriverManager.getDriver(DriverManager.java:14)
at com.app.sunbeam.Driver.DriverManager.getDriver(DriverManager.java:14)
at com.app.sunbeam.Driver.DriverManager.getDriver(DriverManager.java:14)
at com.app.sunbeam.Driver.DriverManager.getDriver(DriverManager.java:14)
at com.app.sunbeam.Driver.DriverManager.getDriver(DriverManager.java:14)
at com.app.sunbeam.Driver.DriverManager.getDriver(DriverManager.java:14)
at com.app.sunbeam.Driver.DriverManager.getDriver(DriverManager.java:14)
at com.app.sunbeam.Driver.DriverManager.getDriver(DriverManager.java:14)
at com.app.sunbeam.Driver.DriverManager.getDriver(DriverManager.java:14)
at com.app.sunbeam.Driver.DriverManager.getDriver(DriverManager.java:14)
at com.app.sunbeam.Driver.DriverManager.getDriver(DriverManager.java:14)
at com.app.sunbeam.Driver.DriverManager.getDriver(DriverManager.java:14)
at com.app.sunbeam.Driver.DriverManager.getDriver(DriverManager.java:14)
at com.app.sunbeam.Driver.DriverManager.getDriver(DriverManager.java:14)
at com.app.sunbeam.Driver.DriverManager.getDriver(DriverManager.java:14)
at com.app.sunbeam.Driver.DriverManager.getDriver(DriverManager.java:14)
at com.app.sunbeam.Driver.DriverManager.getDriver(DriverManager.java:14)
at com.app.sunbeam.Driver.DriverManager.getDriver(DriverManager.java:14)
at com.app.sunbeam.Driver.DriverManager.getDriver(DriverManager.java:14)
at com.app.sunbeam.Driver.DriverManager.getDriver(DriverManager.java:14)
at com.app.sunbeam.Driver.DriverManager.getDriver(DriverManager.java:14)
at com.app.sunbeam.Driver.DriverManager.getDriver(DriverManager.java:14)
at com.app.sunbeam.Driver.DriverManager.getDriver(DriverManager.java:14)
at com.app.sunbeam.Driver.DriverManager.getDriver(DriverManager.java:14)
at com.app.sunbeam.Driver.DriverManager.getDriver(DriverManager.java:14)
at com.app.sunbeam.Driver.DriverManager.getDriver(DriverManager.java:14)
at com.app.sunbeam.Driver.DriverManager.getDriver(DriverManager.java:14)
at com.app.sunbeam.Driver.DriverManager.getDriver(DriverManager.java:14)
at com.app.sunbeam.Driver.DriverManager.getDriver(DriverManager.java:14)
at com.app.sunbeam.Driver.DriverManager.getDriver(DriverManager.java:14)
at com.app.sunbeam.Driver.DriverManager.getDriver(DriverManager.java:14)
at com.app.sunbeam.Driver.DriverManager.getDriver(DriverManager.java:14)
at com.app.sunbeam.Driver.DriverManager.getDriver(DriverManager.java:14)
at com.app.sunbeam.Driver.DriverManager.getDriver(DriverManager.java:14)
at com.app.sunbeam.Driver.DriverManager.getDriver(DriverManager.java:14)
at com.app.sunbeam.Driver.DriverManager.getDriver(DriverManager.java:14)
at com.app.sunbeam.Driver.DriverManager.getDriver(DriverManager.java:14)
at com.app.sunbeam.Driver.DriverManager.getDriver(DriverManager.java:14)
at com.app.sunbeam.Driver.DriverManager.getDriver(DriverManager.java:14)
at com.app.sunbeam.Driver.DriverManager.getDriver(DriverManager.java:14)
at com.app.sunbeam.Driver.DriverManager.getDriver(DriverManager.java:14)
at com.app.sunbeam.Driver.DriverManager.getDriver(DriverManager.java:14)
at com.app.sunbeam.Driver.DriverManager.getDriver(DriverManager.java:14)
at com.app.sunbeam.Driver.DriverManager.getDriver(DriverManager.java:14)
at com.app.sunbeam.Driver.DriverManager.getDriver(DriverManager.java:14)
at com.app.sunbeam.Driver.DriverManager.getDriver(DriverManager.java:14)
at com.app.sunbeam.Driver.DriverManager.getDriver(DriverManager.java:14)
at com.app.sunbeam.Driver.DriverManager.getDriver(DriverManager.java:14)
at com.app.sunbeam.Driver.DriverManager.getDriver(DriverManager.java:14)
at com.app.sunbeam.Driver.DriverManager.getDriver(DriverManager.java:14)
at com.app.sunbeam.Driver.DriverManager.getDriver(DriverManager.java:14)
at com.app.sunbeam.Driver.DriverManager.getDriver(DriverManager.java:14)
at com.app.sunbeam.Driver.DriverManager.getDriver(DriverManager.java:14)
at com.app.sunbeam.Driver.DriverManager.getDriver(DriverManager.java:14)
at com.app.sunbeam.Driver.DriverManager.getDriver(DriverManager.java:14)
at com.app.sunbeam.Driver.DriverManager.getDriver(DriverManager.java:14)
at com.app.sunbeam.Driver.DriverManager.getDriver(DriverManager.java:14)
at com.app.sunbeam.Driver.DriverManager.getDriver(DriverManager.java:14)
at com.app.sunbeam.Driver.DriverManager.getDriver(DriverManager.java:14)
at com.app.sunbeam.Driver.DriverManager.getDriver(DriverManager.java:14)
at com.app.sunbeam.Driver.DriverManager.getDriver(DriverManager.java:14)
at com.app.sunbeam.Driver.DriverManager.getDriver(DriverManager.java:14)
at com.app.sunbeam.Driver.DriverManager.getDriver(DriverManager.java:14)
at com.app.sunbeam.Driver.DriverManager.getDriver(DriverManager.java:14)
at com.app.sunbeam.Driver.DriverManager.getDriver(DriverManager.java:14)
at com.app.sunbeam.Driver.DriverManager.getDriver(DriverManager.java:14)
at com.app.sunbeam.Driver.DriverManager.getDriver(DriverManager.java:14)
at com.app.sunbeam.Driver.DriverManager.getDriver(DriverManager.java:14)
at com.app.sunbeam.Driver.DriverManager.getDriver(DriverManager.java:14)
at com.app.sunbeam.Driver.DriverManager.getDriver(DriverManager.java:14)
at com.app.sunbeam.Driver.DriverManager.getDriver(DriverManager.java:14)
at com.app.sunbeam.Driver.DriverManager.getDriver(DriverManager.java:14)
at com.app.sunbeam.Driver.DriverManager.getDriver(DriverManager.java:14)
at com.app.sunbeam.Driver.DriverManager.getDriver(DriverManager.java:14)
at com.app.sunbeam.Driver.DriverManager.getDriver(DriverManager.java:14)
at com.app.sunbeam.Driver.DriverManager.getDriver(DriverManager.java:14)
at com.app.sunbeam.Driver.DriverManager.getDriver(DriverManager.java:14)
at com.app.sunbeam.Driver.DriverManager.getDriver(DriverManager.java:14)
at com.app.sunbeam.Driver.DriverManager.getDriver(DriverManager.java:14)
at com.app.sunbeam.Driver.DriverManager.getDriver(DriverManager.java:14)
at com.app.sunbeam.Driver.DriverManager.getDriver(DriverManager.java:14)
at com.app.sunbeam.Driver.DriverManager.getDriver(DriverManager.java:14)
at com.app.sunbeam.Driver.DriverManager.getDriver(DriverManager.java:14)
at com.app.sunbeam.Driver.DriverManager.getDriver(DriverManager.java:14)
at com.app.sunbeam.Driver.DriverManager.getDriver(DriverManager.java:14)
at com.app.sunbeam.Driver.DriverManager.getDriver(DriverManager.java:14)
at com.app.sunbeam.Driver.DriverManager.getDriver(DriverManager.java:14)
at com.app.sunbeam.Driver.DriverManager.getDriver(DriverManager.java:14)
at com.app.sunbeam.Driver.DriverManager.getDriver(DriverManager.java:14)
at com.app.sunbeam.Driver.DriverManager.getDriver(DriverManager.java:14)
at com.app.sunbeam.Driver.DriverManager.getDriver(DriverManager.java:14)
at com.app.sunbeam.Driver.DriverManager.getDriver(DriverManager.java:14)
at com.app.sunbeam.Driver.DriverManager.getDriver(DriverManager.java:14)
at com.app.sunbeam.Driver.DriverManager.getDriver(DriverManager.java:14)
at com.app.sunbeam.Driver.DriverManager.getDriver(DriverManager.java:14)
at com.app.sunbeam.Driver.DriverManager.getDriver(DriverManager.java:14)
at com.app.sunbeam.Driver.DriverManager.getDriver(DriverManager.java:14)
at com.app.sunbeam.Driver.DriverManager.getDriver(DriverManager.java:14)
at com.app.sunbeam.Driver.DriverManager.getDriver(DriverManager.java:14)
at com.app.sunbeam.Driver.DriverManager.getDriver(DriverManager.java:14)
at com.app.sunbeam.Driver.DriverManager.getDriver(DriverManager.java:14)
at com.app.sunbeam.Driver.DriverManager.getDriver(DriverManager.java:14)
at com.app.sunbeam.Driver.DriverManager.getDriver(DriverManager.java:14)
at com.app.sunbeam.Driver.DriverManager.getDriver(DriverManager.java:14)
at com.app.sunbeam.Driver.DriverManager.getDriver(DriverManager.java:14)
at com.app.sunbeam.Driver.DriverManager.getDriver(DriverManager.java:14)
at com.app.sunbeam.Driver.DriverManager.getDriver(DriverManager.java:14)
at com.app.sunbeam.Driver.DriverManager.getDriver(DriverManager.java:14)
at com.app.sunbeam.Driver.DriverManager.getDriver(DriverManager.java:14)
at com.app.sunbeam.Driver.DriverManager.getDriver(DriverManager.java:14)
at com.app.sunbeam.Driver.DriverManager.getDriver(DriverManager.java:14)
at com.app.sunbeam.Driver.DriverManager.getDriver(DriverManager.java:14)
at com.app.sunbeam.Driver.DriverManager.getDriver(DriverManager.java:14)
at com.app.sunbeam.Driver.DriverManager.getDriver(DriverManager.java:14)
at com.app.sunbeam.Driver.DriverManager.getDriver(DriverManager.java:14)
at com.app.sunbeam.Driver.DriverManager.getDriver(DriverManager.java:14)
at com.app.sunbeam.Driver.DriverManager.getDriver(DriverManager.java:14)
at com.app.sunbeam.Driver.DriverManager.getDriver(DriverManager.java:14)
at com.app.sunbeam.Driver.DriverManager.getDriver(DriverManager.java:14)
at com.app.sunbeam.Driver.DriverManager.getDriver(DriverManager.java:14)
at com.app.sunbeam.Driver.DriverManager.getDriver(DriverManager.java:14)
at com.app.sunbeam.Driver.DriverManager.getDriver(DriverManager.java:14)
at com.app.sunbeam.Driver.DriverManager.getDriver(DriverManager.java:14)
at com.app.sunbeam.Driver.DriverManager.getDriver(DriverManager.java:14)
at com.app.sunbeam.Driver.DriverManager.getDriver(DriverManager.java:14)
at com.app.sunbeam.Driver.DriverManager.getDriver(DriverManager.java:14)
at com.app.sunbeam.Driver.DriverManager.getDriver(DriverManager.java:14)
at com.app.sunbeam.Driver.DriverManager.getDriver(DriverManager.java:14)
at com.app.sunbeam.Driver.DriverManager.getDriver(DriverManager.java:14)
at com.app.sunbeam.Driver.DriverManager.getDriver(DriverManager.java:14)
at com.app.sunbeam.Driver.DriverManager.getDriver(DriverManager.java:14)
at com.app.sunbeam.Driver.DriverManager.getDriver(DriverManager.java:14)
at com.app.sunbeam.Driver.DriverManager.getDriver(DriverManager.java:14)
at com.app.sunbeam.Driver.DriverManager.getDriver(DriverManager.java:14)
at com.app.sunbeam.Driver.DriverManager.getDriver(DriverManager.java:14)
at com.app.sunbeam.Driver.DriverManager.getDriver(DriverManager.java:14)
at com.app.sunbeam.Driver.DriverManager.getDriver(DriverManager.java:14)
at com.app.sunbeam.Driver.DriverManager.getDriver(DriverManager.java:14)
at com.app.sunbeam.Driver.DriverManager.getDriver(DriverManager.java:14)
at com.app.sunbeam.Driver.DriverManager.getDriver(DriverManager.java:14)
at com.app.sunbeam.Driver.DriverManager.getDriver(DriverManager.java:14)
at com.app.sunbeam.Driver.DriverManager.getDriver(DriverManager.java:14)
at com.app.sunbeam.Driver.DriverManager.getDriver(DriverManager.java:14)
at com.app.sunbeam.Driver.DriverManager.getDriver(DriverManager.java:14)
at com.app.sunbeam.Driver.DriverManager.getDriver(DriverManager.java:14)
at com.app.sunbeam.Driver.DriverManager.getDriver(DriverManager.java:14)
at com.app.sunbeam.Driver.DriverManager.getDriver(DriverManager.java:14)
at com.app.sunbeam.Driver.DriverManager.getDriver(DriverManager.java:14)
at com.app.sunbeam.Driver.DriverManager.getDriver(DriverManager.java:14)
at com.app.sunbeam.Driver.DriverManager.getDriver(DriverManager.java:14)
at com.app.sunbeam.Driver.DriverManager.getDriver(DriverManager.java:14)
at com.app.sunbeam.Driver.DriverManager.getDriver(DriverManager.java:14)
at com.app.sunbeam.Driver.DriverManager.getDriver(DriverManager.java:14)
at com.app.sunbeam.Driver.DriverManager.getDriver(DriverManager.java:14)
at com.app.sunbeam.Driver.DriverManager.getDriver(DriverManager.java:14)
at com.app.sunbeam.Driver.DriverManager.getDriver(DriverManager.java:14)
at com.app.sunbeam.Driver.DriverManager.getDriver(DriverManager.java:14)
at com.app.sunbeam.Driver.DriverManager.getDriver(DriverManager.java:14)
at com.app.sunbeam.Driver.DriverManager.getDriver(DriverManager.java:14)
at com.app.sunbeam.Driver.DriverManager.getDriver(DriverManager.java:14)
at com.app.sunbeam.Driver.DriverManager.getDriver(DriverManager.java:14)
at com.app.sunbeam.Driver.DriverManager.getDriver(DriverManager.java:14)
at com.app.sunbeam.Driver.DriverManager.getDriver(DriverManager.java:14)
at com.app.sunbeam.Driver.DriverManager.getDriver(DriverManager.java:14)
at com.app.sunbeam.Driver.DriverManager.getDriver(DriverManager.java:14)
at com.app.sunbeam.Driver.DriverManager.getDriver(DriverManager.java:14)
at com.app.sunbeam.Driver.DriverManager.getDriver(DriverManager.java:14)
at com.app.sunbeam.Driver.DriverManager.getDriver(DriverManager.java:14)
at com.app.sunbeam.Driver.DriverManager.getDriver(DriverManager.java:14)
at com.app.sunbeam.Driver.DriverManager.getDriver(DriverManager.java:14)
at com.app.sunbeam.Driver.DriverManager.getDriver(DriverManager.java:14)
at com.app.sunbeam.Driver.DriverManager.getDriver(DriverManager.java:14)
at com.app.sunbeam.Driver.DriverManager.getDriver(DriverManager.java:14)
at com.app.sunbeam.Driver.DriverManager.getDriver(DriverManager.java:14)
at com.app.sunbeam.Driver.DriverManager.getDriver(DriverManager.java:14)
at com.app.sunbeam.Driver.DriverManager.getDriver(DriverManager.java:14)
at com.app.sunbeam.Driver.DriverManager.getDriver(DriverManager.java:14)
at com.app.sunbeam.Driver.DriverManager.getDriver(DriverManager.java:14)
at com.app.sunbeam.Driver.DriverManager.getDriver(DriverManager.java:14)
at com.app.sunbeam.Driver.DriverManager.getDriver(DriverManager.java:14)
at com.app.sunbeam.Driver.DriverManager.getDriver(DriverManager.java:14)
at com.app.sunbeam.Driver.DriverManager.getDriver(DriverManager.java:14)
at com.app.sunbeam.Driver.DriverManager.getDriver(DriverManager.java:14)
at com.app.sunbeam.Driver.DriverManager.getDriver(DriverManager.java:14)
at com.app.sunbeam.Driver.DriverManager.getDriver(DriverManager.java:14)
at com.app.sunbeam.Driver.DriverManager.getDriver(DriverManager.java:14)
at com.app.sunbeam.Driver.DriverManager.getDriver(DriverManager.java:14)
at com.app.sunbeam.Driver.DriverManager.getDriver(DriverManager.java:14)
at com.app.sunbeam.Driver.DriverManager.getDriver(DriverManager.java:14)
at com.app.sunbeam.Driver.DriverManager.getDriver(DriverManager.java:14)
at com.app.sunbeam.Driver.DriverManager.getDriver(DriverManager.java:14)
at com.app.sunbeam.Driver.DriverManager.getDriver(DriverManager.java:14)
at com.app.sunbeam.Driver.DriverManager.getDriver(DriverManager.java:14)
at com.app.sunbeam.Driver.DriverManager.getDriver(DriverManager.java:14)
at com.app.sunbeam.Driver.DriverManager.getDriver(DriverManager.java:14)
at com.app.sunbeam.Driver.DriverManager.getDriver(DriverManager.java:14)
at com.app.sunbeam.Driver.DriverManager.getDriver(DriverManager.java:14)
at com.app.sunbeam.Driver.DriverManager.getDriver(DriverManager.java:14)
at com.app.sunbeam.Driver.DriverManager.getDriver(DriverManager.java:14)
at com.app.sunbeam.Driver.DriverManager.getDriver(DriverManager.java:14)
at com.app.sunbeam.Driver.DriverManager.getDriver(DriverManager.java:14)
at com.app.sunbeam.Driver.DriverManager.getDriver(DriverManager.java:14)
at com.app.sunbeam.Driver.DriverManager.getDriver(DriverManager.java:14)
at com.app.sunbeam.Driver.DriverManager.getDriver(DriverManager.java:14)
at com.app.sunbeam.Driver.DriverManager.getDriver(DriverManager.java:14)
at com.app.sunbeam.Driver.DriverManager.getDriver(DriverManager.java:14)
at com.app.sunbeam.Driver.DriverManager.getDriver(DriverManager.java:14)
at com.app.sunbeam.Driver.DriverManager.getDriver(DriverManager.java:14)
at com.app.sunbeam.Driver.DriverManager.getDriver(DriverManager.java:14)
at com.app.sunbeam.Driver.DriverManager.getDriver(DriverManager.java:14)
at com.app.sunbeam.Driver.DriverManager.getDriver(DriverManager.java:14)
at com.app.sunbeam.Driver.DriverManager.getDriver(DriverManager.java:14)
at com.app.sunbeam.Driver.DriverManager.getDriver(DriverManager.java:14)
at com.app.sunbeam.Driver.DriverManager.getDriver(DriverManager.java:14)
at com.app.sunbeam.Driver.DriverManager.getDriver(DriverManager.java:14)
at com.app.sunbeam.Driver.DriverManager.getDriver(DriverManager.java:14)
at com.app.sunbeam.Driver.DriverManager.getDriver(DriverManager.java:14)
at com.app.sunbeam.Driver.DriverManager.getDriver(DriverManager.java:14)
at com.app.sunbeam.Driver.DriverManager.getDriver(DriverManager.java:14)
at com.app.sunbeam.Driver.DriverManager.getDriver(DriverManager.java:14)
at com.app.sunbeam.Driver.DriverManager.getDriver(DriverManager.java:14)
at com.app.sunbeam.Driver.DriverManager.getDriver(DriverManager.java:14)
at com.app.sunbeam.Driver.DriverManager.getDriver(DriverManager.java:14)
at com.app.sunbeam.Driver.DriverManager.getDriver(DriverManager.java:14)
at com.app.sunbeam.Driver.DriverManager.getDriver(DriverManager.java:14)
at com.app.sunbeam.Driver.DriverManager.getDriver(DriverManager.java:14)
at com.app.sunbeam.Driver.DriverManager.getDriver(DriverManager.java:14)
at com.app.sunbeam.Driver.DriverManager.getDriver(DriverManager.java:14)
at com.app.sunbeam.Driver.DriverManager.getDriver(DriverManager.java:14)
at com.app.sunbeam.Driver.DriverManager.getDriver(DriverManager.java:14)
at com.app.sunbeam.Driver.DriverManager.getDriver(DriverManager.java:14)
at com.app.sunbeam.Driver.DriverManager.getDriver(DriverManager.java:14)
at com.app.sunbeam.Driver.DriverManager.getDriver(DriverManager.java:14)
at com.app.sunbeam.Driver.DriverManager.getDriver(DriverManager.java:14)
at com.app.sunbeam.Driver.DriverManager.getDriver(DriverManager.java:14)
at com.app.sunbeam.Driver.DriverManager.getDriver(DriverManager.java:14)
at com.app.sunbeam.Driver.DriverManager.getDriver(DriverManager.java:14)
at com.app.sunbeam.Driver.DriverManager.getDriver(DriverManager.java:14)
at com.app.sunbeam.Driver.DriverManager.getDriver(DriverManager.java:14)
at com.app.sunbeam.Driver.DriverManager.getDriver(DriverManager.java:14)
at com.app.sunbeam.Driver.DriverManager.getDriver(DriverManager.java:14)
at com.app.sunbeam.Driver.DriverManager.getDriver(DriverManager.java:14)
at com.app.sunbeam.Driver.DriverManager.getDriver(DriverManager.java:14)
at com.app.sunbeam.Driver.DriverManager.getDriver(DriverManager.java:14)
at com.app.sunbeam.Driver.DriverManager.getDriver(DriverManager.java:14)
at com.app.sunbeam.Driver.DriverManager.getDriver(DriverManager.java:14)
at com.app.sunbeam.Driver.DriverManager.getDriver(DriverManager.java:14)
at com.app.sunbeam.Driver.DriverManager.getDriver(DriverManager.java:14)
at com.app.sunbeam.Driver.DriverManager.getDriver(DriverManager.java:14)
at com.app.sunbeam.Driver.DriverManager.getDriver(DriverManager.java:14)
at com.app.sunbeam.Driver.DriverManager.getDriver(DriverManager.java:14)
at com.app.sunbeam.Driver.DriverManager.getDriver(DriverManager.java:14)
at com.app.sunbeam.Driver.DriverManager.getDriver(DriverManager.java:14)
at com.app.sunbeam.Driver.DriverManager.getDriver(DriverManager.java:14)
at com.app.sunbeam.Driver.DriverManager.getDriver(DriverManager.java:14)
at com.app.sunbeam.Driver.DriverManager.getDriver(DriverManager.java:14)
at com.app.sunbeam.Driver.DriverManager.getDriver(DriverManager.java:14)
at com.app.sunbeam.Driver.DriverManager.getDriver(DriverManager.java:14)
at com.app.sunbeam.Driver.DriverManager.getDriver(DriverManager.java:14)
at com.app.sunbeam.Driver.DriverManager.getDriver(DriverManager.java:14)
at com.app.sunbeam.Driver.DriverManager.getDriver(DriverManager.java:14)
at com.app.sunbeam.Driver.DriverManager.getDriver(DriverManager.java:14)
at com.app.sunbeam.Driver.DriverManager.getDriver(DriverManager.java:14)
at com.app.sunbeam.Driver.DriverManager.getDriver(DriverManager.java:14)
at com.app.sunbeam.Driver.DriverManager.getDriver(DriverManager.java:14)
at com.app.sunbeam.Driver.DriverManager.getDriver(DriverManager.java:14)
at com.app.sunbeam.Driver.DriverManager.getDriver(DriverManager.java:14)
at com.app.sunbeam.Driver.DriverManager.getDriver(DriverManager.java:14)
at com.app.sunbeam.Driver.DriverManager.getDriver(DriverManager.java:14)
at com.app.sunbeam.Driver.DriverManager.getDriver(DriverManager.java:14)
at com.app.sunbeam.Driver.DriverManager.getDriver(DriverManager.java:14)
at com.app.sunbeam.Driver.DriverManager.getDriver(DriverManager.java:14)
at com.app.sunbeam.Driver.DriverManager.getDriver(DriverManager.java:14)
at com.app.sunbeam.Driver.DriverManager.getDriver(DriverManager.java:14)
at com.app.sunbeam.Driver.DriverManager.getDriver(DriverManager.java:14)
at com.app.sunbeam.Driver.DriverManager.getDriver(DriverManager.java:14)
at com.app.sunbeam.Driver.DriverManager.getDriver(DriverManager.java:14)
at com.app.sunbeam.Driver.DriverManager.getDriver(DriverManager.java:14)
at com.app.sunbeam.Driver.DriverManager.getDriver(DriverManager.java:14)
at com.app.sunbeam.Driver.DriverManager.getDriver(DriverManager.java:14)
at com.app.sunbeam.Driver.DriverManager.getDriver(DriverManager.java:14)
at com.app.sunbeam.Driver.DriverManager.getDriver(DriverManager.java:14)
at com.app.sunbeam.Driver.DriverManager.getDriver(DriverManager.java:14)
at com.app.sunbeam.Driver.DriverManager.getDriver(DriverManager.java:14)
at com.app.sunbeam.Driver.DriverManager.getDriver(DriverManager.java:14)
at com.app.sunbeam.Driver.DriverManager.getDriver(DriverManager.java:14)
at com.app.sunbeam.Driver.DriverManager.getDriver(DriverManager.java:14)
at com.app.sunbeam.Driver.DriverManager.getDriver(DriverManager.java:14)
at com.app.sunbeam.Driver.DriverManager.getDriver(DriverManager.java:14)
at com.app.sunbeam.Driver.DriverManager.getDriver(DriverManager.java:14)
at com.app.sunbeam.Driver.DriverManager.getDriver(DriverManager.java:14)
at com.app.sunbeam.Driver.DriverManager.getDriver(DriverManager.java:14)
at com.app.sunbeam.Driver.DriverManager.getDriver(DriverManager.java:14)
at com.app.sunbeam.Driver.DriverManager.getDriver(DriverManager.java:14)
at com.app.sunbeam.Driver.DriverManager.getDriver(DriverManager.java:14)
at com.app.sunbeam.Driver.DriverManager.getDriver(DriverManager.java:14)
at com.app.sunbeam.Driver.DriverManager.getDriver(DriverManager.java:14)
at com.app.sunbeam.Driver.DriverManager.getDriver(DriverManager.java:14)
at com.app.sunbeam.Driver.DriverManager.getDriver(DriverManager.java:14)
at com.app.sunbeam.Driver.DriverManager.getDriver(DriverManager.java:14)
at com.app.sunbeam.Driver.DriverManager.getDriver(DriverManager.java:14)
at com.app.sunbeam.Driver.DriverManager.getDriver(DriverManager.java:14)
at com.app.sunbeam.Driver.DriverManager.getDriver(DriverManager.java:14)
at com.app.sunbeam.Driver.DriverManager.getDriver(DriverManager.java:14)
at com.app.sunbeam.Driver.DriverManager.getDriver(DriverManager.java:14)
at com.app.sunbeam.Driver.DriverManager.getDriver(DriverManager.java:14)
at com.app.sunbeam.Driver.DriverManager.getDriver(DriverManager.java:14)
at com.app.sunbeam.Driver.DriverManager.getDriver(DriverManager.java:14)
at com.app.sunbeam.Driver.DriverManager.getDriver(DriverManager.java:14)
at com.app.sunbeam.Driver.DriverManager.getDriver(DriverManager.java:14)
at com.app.sunbeam.Driver.DriverManager.getDriver(DriverManager.java:14)
at com.app.sunbeam.Driver.DriverManager.getDriver(DriverManager.java:14)
at com.app.sunbeam.Driver.DriverManager.getDriver(DriverManager.java:14)
at com.app.sunbeam.Driver.DriverManager.getDriver(DriverManager.java:14)
at com.app.sunbeam.Driver.DriverManager.getDriver(DriverManager.java:14)
at com.app.sunbeam.Driver.DriverManager.getDriver(DriverManager.java:14)
at com.app.sunbeam.Driver.DriverManager.getDriver(DriverManager.java:14)
at com.app.sunbeam.Driver.DriverManager.getDriver(DriverManager.java:14)
at com.app.sunbeam.Driver.DriverManager.getDriver(DriverManager.java:14)
at com.app.sunbeam.Driver.DriverManager.getDriver(DriverManager.java:14)
at com.app.sunbeam.Driver.DriverManager.getDriver(DriverManager.java:14)
at com.app.sunbeam.Driver.DriverManager.getDriver(DriverManager.java:14)
at com.app.sunbeam.Driver.DriverManager.getDriver(DriverManager.java:14)
at com.app.sunbeam.Driver.DriverManager.getDriver(DriverManager.java:14)
at com.app.sunbeam.Driver.DriverManager.getDriver(DriverManager.java:14)
at com.app.sunbeam.Driver.DriverManager.getDriver(DriverManager.java:14)
at com.app.sunbeam.Driver.DriverManager.getDriver(DriverManager.java:14)
at com.app.sunbeam.Driver.DriverManager.getDriver(DriverManager.java:14)
at com.app.sunbeam.Driver.DriverManager.getDriver(DriverManager.java:14)
at com.app.sunbeam.Driver.DriverManager.getDriver(DriverManager.java:14)
at com.app.sunbeam.Driver.DriverManager.getDriver(DriverManager.java:14)
at com.app.sunbeam.Driver.DriverManager.getDriver(DriverManager.java:14)
at com.app.sunbeam.Driver.DriverManager.getDriver(DriverManager.java:14)
at com.app.sunbeam.Driver.DriverManager.getDriver(DriverManager.java:14)
at com.app.sunbeam.Driver.DriverManager.getDriver(DriverManager.java:14)
at com.app.sunbeam.Driver.DriverManager.getDriver(DriverManager.java:14)
at com.app.sunbeam.Driver.DriverManager.getDriver(DriverManager.java:14)
at com.app.sunbeam.Driver.DriverManager.getDriver(DriverManager.java:14)
at com.app.sunbeam.Driver.DriverManager.getDriver(DriverManager.java:14)
at com.app.sunbeam.Driver.DriverManager.getDriver(DriverManager.java:14)
at com.app.sunbeam.Driver.DriverManager.getDriver(DriverManager.java:14)
at com.app.sunbeam.Driver.DriverManager.getDriver(DriverManager.java:14)
at com.app.sunbeam.Driver.DriverManager.getDriver(DriverManager.java:14)
at com.app.sunbeam.Driver.DriverManager.getDriver(DriverManager.java:14)
at com.app.sunbeam.Driver.DriverManager.getDriver(DriverManager.java:14)
at com.app.sunbeam.Driver.DriverManager.getDriver(DriverManager.java:14)
at com.app.sunbeam.Driver.DriverManager.getDriver(DriverManager.java:14)
at com.app.sunbeam.Driver.DriverManager.getDriver(DriverManager.java:14)
at com.app.sunbeam.Driver.DriverManager.getDriver(DriverManager.java:14)
at com.app.sunbeam.Driver.DriverManager.getDriver(DriverManager.java:14)
at com.app.sunbeam.Driver.DriverManager.getDriver(DriverManager.java:14)
at com.app.sunbeam.Driver.DriverManager.getDriver(DriverManager.java:14)
at com.app.sunbeam.Driver.DriverManager.getDriver(DriverManager.java:14)
at com.app.sunbeam.Driver.DriverManager.getDriver(DriverManager.java:14)
at com.app.sunbeam.Driver.DriverManager.getDriver(DriverManager.java:14)
at com.app.sunbeam.Driver.DriverManager.getDriver(DriverManager.java:14)
at com.app.sunbeam.Driver.DriverManager.getDriver(DriverManager.java:14)
at com.app.sunbeam.Driver.DriverManager.getDriver(DriverManager.java:14)
at com.app.sunbeam.Driver.DriverManager.getDriver(DriverManager.java:14)
at com.app.sunbeam.Driver.DriverManager.getDriver(DriverManager.java:14)
at com.app.sunbeam.Driver.DriverManager.getDriver(DriverManager.java:14)
at com.app.sunbeam.Driver.DriverManager.getDriver(DriverManager.java:14)
at com.app.sunbeam.Driver.DriverManager.getDriver(DriverManager.java:14)
at com.app.sunbeam.Driver.DriverManager.getDriver(DriverManager.java:14)
at com.app.sunbeam.Driver.DriverManager.getDriver(DriverManager.java:14)
at com.app.sunbeam.Driver.DriverManager.getDriver(DriverManager.java:14)
at com.app.sunbeam.Driver.DriverManager.getDriver(DriverManager.java:14)
at com.app.sunbeam.Driver.DriverManager.getDriver(DriverManager.java:14)
at com.app.sunbeam.Driver.DriverManager.getDriver(DriverManager.java:14)
at com.app.sunbeam.Driver.DriverManager.getDriver(DriverManager.java:14)
at com.app.sunbeam.Driver.DriverManager.getDriver(DriverManager.java:14)
at com.app.sunbeam.Driver.DriverManager.getDriver(DriverManager.java:14)
at com.app.sunbeam.Driver.DriverManager.getDriver(DriverManager.java:14)
at com.app.sunbeam.Driver.DriverManager.getDriver(DriverManager.java:14)
at com.app.sunbeam.Driver.DriverManager.getDriver(DriverManager.java:14)
at com.app.sunbeam.Driver.DriverManager.getDriver(DriverManager.java:14)
at com.app.sunbeam.Driver.DriverManager.getDriver(DriverManager.java:14)
at com.app.sunbeam.Driver.DriverManager.getDriver(DriverManager.java:14)
at com.app.sunbeam.Driver.DriverManager.getDriver(DriverManager.java:14)
at com.app.sunbeam.Driver.DriverManager.getDriver(DriverManager.java:14)
at com.app.sunbeam.Driver.DriverManager.getDriver(DriverManager.java:14)
at com.app.sunbeam.Driver.DriverManager.getDriver(DriverManager.java:14)
at com.app.sunbeam.Driver.DriverManager.getDriver(DriverManager.java:14)
at com.app.sunbeam.Driver.DriverManager.getDriver(DriverManager.java:14)
at com.app.sunbeam.Driver.DriverManager.getDriver(DriverManager.java:14)
at com.app.sunbeam.Driver.DriverManager.getDriver(DriverManager.java:14)
at com.app.sunbeam.Driver.DriverManager.getDriver(DriverManager.java:14)
at com.app.sunbeam.Driver.DriverManager.getDriver(DriverManager.java:14)
at com.app.sunbeam.Driver.DriverManager.getDriver(DriverManager.java:14)
at com.app.sunbeam.Driver.DriverManager.getDriver(DriverManager.java:14)
at com.app.sunbeam.Driver.DriverManager.getDriver(DriverManager.java:14)
at com.app.sunbeam.Driver.DriverManager.getDriver(DriverManager.java:14)
at com.app.sunbeam.Driver.DriverManager.getDriver(DriverManager.java:14)
at com.app.sunbeam.Driver.DriverManager.getDriver(DriverManager.java:14)
at com.app.sunbeam.Driver.DriverManager.getDriver(DriverManager.java:14)
at com.app.sunbeam.Driver.DriverManager.getDriver(DriverManager.java:14)
at com.app.sunbeam.Driver.DriverManager.getDriver(DriverManager.java:14)
at com.app.sunbeam.Driver.DriverManager.getDriver(DriverManager.java:14)
at com.app.sunbeam.Driver.DriverManager.getDriver(DriverManager.java:14)
at com.app.sunbeam.Driver.DriverManager.getDriver(DriverManager.java:14)
at com.app.sunbeam.Driver.DriverManager.getDriver(DriverManager.java:14)
at com.app.sunbeam.Driver.DriverManager.getDriver(DriverManager.java:14)
at com.app.sunbeam.Driver.DriverManager.getDriver(DriverManager.java:14)
at com.app.sunbeam.Driver.DriverManager.getDriver(DriverManager.java:14)
at com.app.sunbeam.Driver.DriverManager.getDriver(DriverManager.java:14)
at com.app.sunbeam.Driver.DriverManager.getDriver(DriverManager.java:14)
at com.app.sunbeam.Driver.DriverManager.getDriver(DriverManager.java:14)
at com.app.sunbeam.Driver.DriverManager.getDriver(DriverManager.java:14)
at com.app.sunbeam.Driver.DriverManager.getDriver(DriverManager.java:14)
at com.app.sunbeam.Driver.DriverManager.getDriver(DriverManager.java:14)
at com.app.sunbeam.Driver.DriverManager.getDriver(DriverManager.java:14)
at com.app.sunbeam.Driver.DriverManager.getDriver(DriverManager.java:14)
at com.app.sunbeam.Driver.DriverManager.getDriver(DriverManager.java:14)
at com.app.sunbeam.Driver.DriverManager.getDriver(DriverManager.java:14)
at com.app.sunbeam.Driver.DriverManager.getDriver(DriverManager.java:14)
at com.app.sunbeam.Driver.DriverManager.getDriver(DriverManager.java:14)
at com.app.sunbeam.Driver.DriverManager.getDriver(DriverManager.java:14)
at com.app.sunbeam.Driver.DriverManager.getDriver(DriverManager.java:14)
at com.app.sunbeam.Driver.DriverManager.getDriver(DriverManager.java:14)
at com.app.sunbeam.Driver.DriverManager.getDriver(DriverManager.java:14)
at com.app.sunbeam.Driver.DriverManager.getDriver(DriverManager.java:14)
at com.app.sunbeam.Driver.DriverManager.getDriver(DriverManager.java:14)
at com.app.sunbeam.Driver.DriverManager.getDriver(DriverManager.java:14)
at com.app.sunbeam.Driver.DriverManager.getDriver(DriverManager.java:14)
at com.app.sunbeam.Driver.DriverManager.getDriver(DriverManager.java:14)
at com.app.sunbeam.Driver.DriverManager.getDriver(DriverManager.java:14)
at com.app.sunbeam.Driver.DriverManager.getDriver(DriverManager.java:14)
at com.app.sunbeam.Driver.DriverManager.getDriver(DriverManager.java:14)
at com.app.sunbeam.Driver.DriverManager.getDriver(DriverManager.java:14)
at com.app.sunbeam.Driver.DriverManager.getDriver(DriverManager.java:14)
at com.app.sunbeam.Driver.DriverManager.getDriver(DriverManager.java:14)
at com.app.sunbeam.Driver.DriverManager.getDriver(DriverManager.java:14)
at com.app.sunbeam.Driver.DriverManager.getDriver(DriverManager.java:14)
at com.app.sunbeam.Driver.DriverManager.getDriver(DriverManager.java:14)
at com.app.sunbeam.Driver.DriverManager.getDriver(DriverManager.java:14)
at com.app.sunbeam.Driver.DriverManager.getDriver(DriverManager.java:14)
at com.app.sunbeam.Driver.DriverManager.getDriver(DriverManager.java:14)
at com.app.sunbeam.Driver.DriverManager.getDriver(DriverManager.java:14)
at com.app.sunbeam.Driver.DriverManager.getDriver(DriverManager.java:14)
at com.app.sunbeam.Driver.DriverManager.getDriver(DriverManager.java:14)
at com.app.sunbeam.Driver.DriverManager.getDriver(DriverManager.java:14)
at com.app.sunbeam.Driver.DriverManager.getDriver(DriverManager.java:14)
at com.app.sunbeam.Driver.DriverManager.getDriver(DriverManager.java:14)
at com.app.sunbeam.Driver.DriverManager.getDriver(DriverManager.java:14)
at com.app.sunbeam.Driver.DriverManager.getDriver(DriverManager.java:14)
at com.app.sunbeam.Driver.DriverManager.getDriver(DriverManager.java:14)
at com.app.sunbeam.Driver.DriverManager.getDriver(DriverManager.java:14)
at com.app.sunbeam.Driver.DriverManager.getDriver(DriverManager.java:14)
at com.app.sunbeam.Driver.DriverManager.getDriver(DriverManager.java:14)
at com.app.sunbeam.Driver.DriverManager.getDriver(DriverManager.java:14)
at com.app.sunbeam.Driver.DriverManager.getDriver(DriverManager.java:14)
at com.app.sunbeam.Driver.DriverManager.getDriver(DriverManager.java:14)
at com.app.sunbeam.Driver.DriverManager.getDriver(DriverManager.java:14)
at com.app.sunbeam.Driver.DriverManager.getDriver(DriverManager.java:14)
at com.app.sunbeam.Driver.DriverManager.getDriver(DriverManager.java:14)
at com.app.sunbeam.Driver.DriverManager.getDriver(DriverManager.java:14)
at com.app.sunbeam.Driver.DriverManager.getDriver(DriverManager.java:14)
at com.app.sunbeam.Driver.DriverManager.getDriver(DriverManager.java:14)
at com.app.sunbeam.Driver.DriverManager.getDriver(DriverManager.java:14)
at com.app.sunbeam.Driver.DriverManager.getDriver(DriverManager.java:14)
at com.app.sunbeam.Driver.DriverManager.getDriver(DriverManager.java:14)
at com.app.sunbeam.Driver.DriverManager.getDriver(DriverManager.java:14)
at com.app.sunbeam.Driver.DriverManager.getDriver(DriverManager.java:14)
at com.app.sunbeam.Driver.DriverManager.getDriver(DriverManager.java:14)
at com.app.sunbeam.Driver.DriverManager.getDriver(DriverManager.java:14)
at com.app.sunbeam.Driver.DriverManager.getDriver(DriverManager.java:14)
at com.app.sunbeam.Driver.DriverManager.getDriver(DriverManager.java:14)
at com.app.sunbeam.Driver.DriverManager.getDriver(DriverManager.java:14)
at com.app.sunbeam.Driver.DriverManager.getDriver(DriverManager.java:14)
at com.app.sunbeam.Driver.DriverManager.getDriver(DriverManager.java:14)
at com.app.sunbeam.Driver.DriverManager.getDriver(DriverManager.java:14)
at com.app.sunbeam.Driver.DriverManager.getDriver(DriverManager.java:14)
at com.app.sunbeam.Driver.DriverManager.getDriver(DriverManager.java:14)
at com.app.sunbeam.Driver.DriverManager.getDriver(DriverManager.java:14)
at com.app.sunbeam.Driver.DriverManager.getDriver(DriverManager.java:14)
at com.app.sunbeam.Driver.DriverManager.getDriver(DriverManager.java:14)
at com.app.sunbeam.Driver.DriverManager.getDriver(DriverManager.java:14)
at com.app.sunbeam.Driver.DriverManager.getDriver(DriverManager.java:14)
at com.app.sunbeam.Driver.DriverManager.getDriver(DriverManager.java:14)
at com.app.sunbeam.Driver.DriverManager.getDriver(DriverManager.java:14)
at com.app.sunbeam.Driver.DriverManager.getDriver(DriverManager.java:14)
at com.app.sunbeam.Driver.DriverManager.getDriver(DriverManager.java:14)
at com.app.sunbeam.Driver.DriverManager.getDriver(DriverManager.java:14)
at com.app.sunbeam.Driver.DriverManager.getDriver(DriverManager.java:14)
at com.app.sunbeam.Driver.DriverManager.getDriver(DriverManager.java:14)
at com.app.sunbeam.Driver.DriverManager.getDriver(DriverManager.java:14)
at com.app.sunbeam.Driver.DriverManager.getDriver(DriverManager.java:14)
at com.app.sunbeam.Driver.DriverManager.getDriver(DriverManager.java:14)
at com.app.sunbeam.Driver.DriverManager.getDriver(DriverManager.java:14)
at com.app.sunbeam.Driver.DriverManager.getDriver(DriverManager.java:14)
at com.app.sunbeam.Driver.DriverManager.getDriver(DriverManager.java:14)
at com.app.sunbeam.Driver.DriverManager.getDriver(DriverManager.java:14)
at com.app.sunbeam.Driver.DriverManager.getDriver(DriverManager.java:14)
at com.app.sunbeam.Driver.DriverManager.getDriver(DriverManager.java:14)
at com.app.sunbeam.Driver.DriverManager.getDriver(DriverManager.java:14)
at com.app.sunbeam.Driver.DriverManager.getDriver(DriverManager.java:14)
at com.app.sunbeam.Driver.DriverManager.getDriver(DriverManager.java:14)
at com.app.sunbeam.Driver.DriverManager.getDriver(DriverManager.java:14)
at com.app.sunbeam.Driver.DriverManager.getDriver(DriverManager.java:14)
at com.app.sunbeam.Driver.DriverManager.getDriver(DriverManager.java:14)
at com.app.sunbeam.Driver.DriverManager.getDriver(DriverManager.java:14)
at com.app.sunbeam.Driver.DriverManager.getDriver(DriverManager.java:14)
at com.app.sunbeam.Driver.DriverManager.getDriver(DriverManager.java:14)
at com.app.sunbeam.Driver.DriverManager.getDriver(DriverManager.java:14)
at com.app.sunbeam.Driver.DriverManager.getDriver(DriverManager.java:14)
at com.app.sunbeam.Driver.DriverManager.getDriver(DriverManager.java:14)
at com.app.sunbeam.Driver.DriverManager.getDriver(DriverManager.java:14)
at com.app.sunbeam.Driver.DriverManager.getDriver(DriverManager.java:14)
at com.app.sunbeam.Driver.DriverManager.getDriver(DriverManager.java:14)
at com.app.sunbeam.Driver.DriverManager.getDriver(DriverManager.java:14)
at com.app.sunbeam.Driver.DriverManager.getDriver(DriverManager.java:14)
at com.app.sunbeam.Driver.DriverManager.getDriver(DriverManager.java:14)
at com.app.sunbeam.Driver.DriverManager.getDriver(DriverManager.java:14)
at com.app.sunbeam.Driver.DriverManager.getDriver(DriverManager.java:14)
at com.app.sunbeam.Driver.DriverManager.getDriver(DriverManager.java:14)
at com.app.sunbeam.Driver.DriverManager.getDriver(DriverManager.java:14)
at com.app.sunbeam.Driver.DriverManager.getDriver(DriverManager.java:14)
at com.app.sunbeam.Driver.DriverManager.getDriver(DriverManager.java:14)
at com.app.sunbeam.Driver.DriverManager.getDriver(DriverManager.java:14)
at com.app.sunbeam.Driver.DriverManager.getDriver(DriverManager.java:14)
at com.app.sunbeam.Driver.DriverManager.getDriver(DriverManager.java:14)
at com.app.sunbeam.Driver.DriverManager.getDriver(DriverManager.java:14)
at com.app.sunbeam.Driver.DriverManager.getDriver(DriverManager.java:14)
at com.app.sunbeam.Driver.DriverManager.getDriver(DriverManager.java:14)
at com.app.sunbeam.Driver.DriverManager.getDriver(DriverManager.java:14)
at com.app.sunbeam.Driver.DriverManager.getDriver(DriverManager.java:14)
at com.app.sunbeam.Driver.DriverManager.getDriver(DriverManager.java:14)
at com.app.sunbeam.Driver.DriverManager.getDriver(DriverManager.java:14)
at com.app.sunbeam.Driver.DriverManager.getDriver(DriverManager.java:14)
at com.app.sunbeam.Driver.DriverManager.getDriver(DriverManager.java:14)
at com.app.sunbeam.Driver.DriverManager.getDriver(DriverManager.java:14)
at com.app.sunbeam.Driver.DriverManager.getDriver(DriverManager.java:14)
at com.app.sunbeam.Driver.DriverManager.getDriver(DriverManager.java:14)
at com.app.sunbeam.Driver.DriverManager.getDriver(DriverManager.java:14)
at com.app.sunbeam.Driver.DriverManager.getDriver(DriverManager.java:14)
at com.app.sunbeam.Driver.DriverManager.getDriver(DriverManager.java:14)
at com.app.sunbeam.Driver.DriverManager.getDriver(DriverManager.java:14)
at com.app.sunbeam.Driver.DriverManager.getDriver(DriverManager.java:14)
at com.app.sunbeam.Driver.DriverManager.getDriver(DriverManager.java:14)
at com.app.sunbeam.Driver.DriverManager.getDriver(DriverManager.java:14)
at com.app.sunbeam.Driver.DriverManager.getDriver(DriverManager.java:14)
at com.app.sunbeam.Driver.DriverManager.getDriver(DriverManager.java:14)
at com.app.sunbeam.Driver.DriverManager.getDriver(DriverManager.java:14)
at com.app.sunbeam.Driver.DriverManager.getDriver(DriverManager.java:14)
at com.app.sunbeam.Driver.DriverManager.getDriver(DriverManager.java:14)
at com.app.sunbeam.Driver.DriverManager.getDriver(DriverManager.java:14)
at com.app.sunbeam.Driver.DriverManager.getDriver(DriverManager.java:14)
at com.app.sunbeam.Driver.DriverManager.getDriver(DriverManager.java:14)
at com.app.sunbeam.Driver.DriverManager.getDriver(DriverManager.java:14)
at com.app.sunbeam.Driver.DriverManager.getDriver(DriverManager.java:14)
at com.app.sunbeam.Driver.DriverManager.getDriver(DriverManager.java:14)
at com.app.sunbeam.Driver.DriverManager.getDriver(DriverManager.java:14)
at com.app.sunbeam.Driver.DriverManager.getDriver(DriverManager.java:14)
at com.app.sunbeam.Driver.DriverManager.getDriver(DriverManager.java:14)
at com.app.sunbeam.Driver.DriverManager.getDriver(DriverManager.java:14)
at com.app.sunbeam.Driver.DriverManager.getDriver(DriverManager.java:14)
at com.app.sunbeam.Driver.DriverManager.getDriver(DriverManager.java:14)
at com.app.sunbeam.Driver.DriverManager.getDriver(DriverManager.java:14)
at com.app.sunbeam.Driver.DriverManager.getDriver(DriverManager.java:14)
at com.app.sunbeam.Driver.DriverManager.getDriver(DriverManager.java:14)
at com.app.sunbeam.Driver.DriverManager.getDriver(DriverManager.java:14)
at com.app.sunbeam.Driver.DriverManager.getDriver(DriverManager.java:14)
at com.app.sunbeam.Driver.DriverManager.getDriver(DriverManager.java:14)
at com.app.sunbeam.Driver.DriverManager.getDriver(DriverManager.java:14)
at com.app.sunbeam.Driver.DriverManager.getDriver(DriverManager.java:14)
at com.app.sunbeam.Driver.DriverManager.getDriver(DriverManager.java:14)
at com.app.sunbeam.Driver.DriverManager.getDriver(DriverManager.java:14)
at com.app.sunbeam.Driver.DriverManager.getDriver(DriverManager.java:14)
at com.app.sunbeam.Driver.DriverManager.getDriver(DriverManager.java:14)
at com.app.sunbeam.Driver.DriverManager.getDriver(DriverManager.java:14)
at com.app.sunbeam.Driver.DriverManager.getDriver(DriverManager.java:14)
at com.app.sunbeam.Driver.DriverManager.getDriver(DriverManager.java:14)
at com.app.sunbeam.Driver.DriverManager.getDriver(DriverManager.java:14)
at com.app.sunbeam.Driver.DriverManager.getDriver(DriverManager.java:14)
at com.app.sunbeam.Driver.DriverManager.getDriver(DriverManager.java:14)
at com.app.sunbeam.Driver.DriverManager.getDriver(DriverManager.java:14)
at com.app.sunbeam.Driver.DriverManager.getDriver(DriverManager.java:14)
at com.app.sunbeam.Driver.DriverManager.getDriver(DriverManager.java:14)
at com.app.sunbeam.Driver.DriverManager.getDriver(DriverManager.java:14)
at com.app.sunbeam.Driver.DriverManager.getDriver(DriverManager.java:14)
at com.app.sunbeam.Driver.DriverManager.getDriver(DriverManager.java:14)
at com.app.sunbeam.Driver.DriverManager.getDriver(DriverManager.java:14)
at com.app.sunbeam.Driver.DriverManager.getDriver(DriverManager.java:14)
at com.app.sunbeam.Driver.DriverManager.getDriver(DriverManager.java:14)
at com.app.sunbeam.Driver.DriverManager.getDriver(DriverManager.java:14)
at com.app.sunbeam.Driver.DriverManager.getDriver(DriverManager.java:14)
at com.app.sunbeam.Driver.DriverManager.getDriver(DriverManager.java:14)
at com.app.sunbeam.Driver.DriverManager.getDriver(DriverManager.java:14)
at com.app.sunbeam.Driver.DriverManager.getDriver(DriverManager.java:14)
at com.app.sunbeam.Driver.DriverManager.getDriver(DriverManager.java:14)
at com.app.sunbeam.Driver.DriverManager.getDriver(DriverManager.java:14)
at com.app.sunbeam.Driver.DriverManager.getDriver(DriverManager.java:14)
at com.app.sunbeam.Driver.DriverManager.getDriver(DriverManager.java:14)
at com.app.sunbeam.Driver.DriverManager.getDriver(DriverManager.java:14)
at com.app.sunbeam.Driver.DriverManager.getDriver(DriverManager.java:14)
at com.app.sunbeam.Driver.DriverManager.getDriver(DriverManager.java:14)
at com.app.sunbeam.Driver.DriverManager.getDriver(DriverManager.java:14)
at com.app.sunbeam.Driver.DriverManager.getDriver(DriverManager.java:14)
at com.app.sunbeam.Driver.DriverManager.getDriver(DriverManager.java:14)
at com.app.sunbeam.Driver.DriverManager.getDriver(DriverManager.java:14)
at com.app.sunbeam.Driver.DriverManager.getDriver(DriverManager.java:14)
at com.app.sunbeam.Driver.DriverManager.getDriver(DriverManager.java:14)
at com.app.sunbeam.Driver.DriverManager.getDriver(DriverManager.java:14)
at com.app.sunbeam.Driver.DriverManager.getDriver(DriverManager.java:14)
at com.app.sunbeam.Driver.DriverManager.getDriver(DriverManager.java:14)
at com.app.sunbeam.Driver.DriverManager.getDriver(DriverManager.java:14)
at com.app.sunbeam.Driver.DriverManager.getDriver(DriverManager.java:14)
at com.app.sunbeam.Driver.DriverManager.getDriver(DriverManager.java:14)
at com.app.sunbeam.Driver.DriverManager.getDriver(DriverManager.java:14)
at com.app.sunbeam.Driver.DriverManager.getDriver(DriverManager.java:14)
at com.app.sunbeam.Driver.DriverManager.getDriver(DriverManager.java:14)
at com.app.sunbeam.Driver.DriverManager.getDriver(DriverManager.java:14)
at com.app.sunbeam.Driver.DriverManager.getDriver(DriverManager.java:14)
at com.app.sunbeam.Driver.DriverManager.getDriver(DriverManager.java:14)
at com.app.sunbeam.Driver.DriverManager.getDriver(DriverManager.java:14)
at com.app.sunbeam.Driver.DriverManager.getDriver(DriverManager.java:14)
at com.app.sunbeam.Driver.DriverManager.getDriver(DriverManager.java:14)
at com.app.sunbeam.Driver.DriverManager.getDriver(DriverManager.java:14)
at com.app.sunbeam.Driver.DriverManager.getDriver(DriverManager.java:14)
at com.app.sunbeam.Driver.DriverManager.getDriver(DriverManager.java:14)
at com.app.sunbeam.Driver.DriverManager.getDriver(DriverManager.java:14)
at com.app.sunbeam.Driver.DriverManager.getDriver(DriverManager.java:14)
at com.app.sunbeam.Driver.DriverManager.getDriver(DriverManager.java:14)
at com.app.sunbeam.Driver.DriverManager.getDriver(DriverManager.java:14)
at com.app.sunbeam.Driver.DriverManager.getDriver(DriverManager.java:14)
at com.app.sunbeam.Driver.DriverManager.getDriver(DriverManager.java:14)
at com.app.sunbeam.Driver.DriverManager.getDriver(DriverManager.java:14)
at com.app.sunbeam.Driver.DriverManager.getDriver(DriverManager.java:14)
at com.app.sunbeam.Driver.DriverManager.getDriver(DriverManager.java:14)
at com.app.sunbeam.Driver.DriverManager.getDriver(DriverManager.java:14)
at com.app.sunbeam.Driver.DriverManager.getDriver(DriverManager.java:14)
at com.app.sunbeam.Driver.DriverManager.getDriver(DriverManager.java:14)
at com.app.sunbeam.Driver.DriverManager.getDriver(DriverManager.java:14)
at com.app.sunbeam.Driver.DriverManager.getDriver(DriverManager.java:14)
at com.app.sunbeam.Driver.DriverManager.getDriver(DriverManager.java:14)
at com.app.sunbeam.Driver.DriverManager.getDriver(DriverManager.java:14)
at com.app.sunbeam.Driver.DriverManager.getDriver(DriverManager.java:14)
at com.app.sunbeam.Driver.DriverManager.getDriver(DriverManager.java:14)
at com.app.sunbeam.Driver.DriverManager.getDriver(DriverManager.java:14)
at com.app.sunbeam.Driver.DriverManager.getDriver(DriverManager.java:14)
at com.app.sunbeam.Driver.DriverManager.getDriver(DriverManager.java:14)
at com.app.sunbeam.Driver.DriverManager.getDriver(DriverManager.java:14)
at com.app.sunbeam.Driver.DriverManager.getDriver(DriverManager.java:14)
at com.app.sunbeam.Driver.DriverManager.getDriver(DriverManager.java:14)
at com.app.sunbeam.Driver.DriverManager.getDriver(DriverManager.java:14)
at com.app.sunbeam.Driver.DriverManager.getDriver(DriverManager.java:14)
at com.app.sunbeam.Driver.DriverManager.getDriver(DriverManager.java:14)
at com.app.sunbeam.Driver.DriverManager.getDriver(DriverManager.java:14)
at com.app.sunbeam.Driver.DriverManager.getDriver(DriverManager.java:14)
at com.app.sunbeam.Driver.DriverManager.getDriver(DriverManager.java:14)
at com.app.sunbeam.Driver.DriverManager.getDriver(DriverManager.java:14)
at com.app.sunbeam.Driver.DriverManager.getDriver(DriverManager.java:14)
at com.app.sunbeam.Driver.DriverManager.getDriver(DriverManager.java:14)
at com.app.sunbeam.Driver.DriverManager.getDriver(DriverManager.java:14)
at com.app.sunbeam.Driver.DriverManager.getDriver(DriverManager.java:14)
at com.app.sunbeam.Driver.DriverManager.getDriver(DriverManager.java:14)
at com.app.sunbeam.Driver.DriverManager.getDriver(DriverManager.java:14)
at com.app.sunbeam.Driver.DriverManager.getDriver(DriverManager.java:14)
at com.app.sunbeam.Driver.DriverManager.getDriver(DriverManager.java:14)
at com.app.sunbeam.Driver.DriverManager.getDriver(DriverManager.java:14)
at com.app.sunbeam.Driver.DriverManager.getDriver(DriverManager.java:14)
]]>
    </error>
  </testcase> <!-- setUp -->
</testsuite> <!-- com.app.sunbeam.tests.Test3 -->
